<?xml version="1.0" encoding="UTF-8"?>
<!-- Generated by org.testng.reporters.JUnitReportReporter -->
<testsuite hostname="LAPTOP-29S73MT5" failures="0" tests="1" name="Tradfri.E2EFramework.HomePage" time="9.771" errors="0" timestamp="2021-02-17T00:38:40 IST" skipped="0">
  <testcase classname="Tradfri.E2EFramework.HomePage" name="basePagenavigation" time="9.771"/>
  <system-out/>
</testsuite> <!-- Tradfri.E2EFramework.HomePage -->
