<?xml version="1.0" encoding="UTF-8"?>
<!-- Generated by org.testng.reporters.JUnitReportReporter -->
<testsuite hostname="LAPTOP-29S73MT5" failures="0" tests="1" name="tests.ValidateNavigationBar" time="0.126" errors="0" timestamp="2021-02-17T05:17:19 IST" skipped="0">
  <testcase classname="tests.ValidateNavigationBar" name="basePagenavigation" time="0.126"/>
  <system-out/>
</testsuite> <!-- tests.ValidateNavigationBar -->
