<?xml version="1.0" encoding="UTF-8"?>
<!-- Generated by org.testng.reporters.JUnitReportReporter -->
<testsuite hostname="LAPTOP-29S73MT5" failures="0" tests="2" name="tests.HomePage" time="34.750" errors="0" timestamp="2021-02-22T03:15:15 IST" skipped="0">
  <testcase classname="tests.HomePage" name="basePagenavigation" time="22.747"/>
  <system-out/>
  <testcase classname="tests.HomePage" name="basePagenavigation" time="12.003"/>
  <system-out/>
</testsuite> <!-- tests.HomePage -->
