<?xml version="1.0" encoding="UTF-8"?>
<!-- Generated by org.testng.reporters.JUnitReportReporter -->
<testsuite skipped="0" hostname="LAPTOP-29S73MT5" name="tests.ValidateNavigationBar" tests="1" failures="0" timestamp="2021-02-19T15:07:47 IST" time="0.258" errors="0">
  <testcase name="basePagenavigation" time="0.258" classname="tests.ValidateNavigationBar"/>
  <system-out/>
</testsuite> <!-- tests.ValidateNavigationBar -->
