<?xml version="1.0" encoding="UTF-8"?>
<!-- Generated by org.testng.reporters.JUnitReportReporter -->
<testsuite skipped="0" hostname="LAPTOP-29S73MT5" name="tests.ValidateTitle" tests="1" failures="0" timestamp="2021-02-17T04:49:53 IST" time="0.026" errors="0">
  <testcase name="basePagenavigation" time="0.026" classname="tests.ValidateTitle"/>
  <system-out/>
</testsuite> <!-- tests.ValidateTitle -->
