<?xml version="1.0" encoding="UTF-8"?>
<!-- Generated by org.testng.reporters.JUnitReportReporter -->
<testsuite skipped="0" hostname="LAPTOP-29S73MT5" name="tests.HomePage" tests="2" failures="0" timestamp="2021-02-17T05:19:35 IST" time="23.286" errors="0">
  <testcase name="basePagenavigation" time="17.996" classname="tests.HomePage"/>
  <system-out/>
  <testcase name="basePagenavigation" time="5.290" classname="tests.HomePage"/>
  <system-out/>
</testsuite> <!-- tests.HomePage -->
