<?xml version="1.0" encoding="UTF-8"?>
<!-- Generated by org.testng.reporters.JUnitReportReporter -->
<testsuite skipped="0" hostname="LAPTOP-29S73MT5" name="tests.HomePage" tests="2" failures="0" timestamp="2021-02-19T15:13:51 IST" time="40.841" errors="0">
  <testcase name="basePagenavigation" time="8.624" classname="tests.HomePage"/>
  <system-out/>
  <testcase name="basePagenavigation" time="32.217" classname="tests.HomePage"/>
  <system-out/>
</testsuite> <!-- tests.HomePage -->
